{"total": {"lines":{"total":10106,"covered":4992,"skipped":0,"pct":49.39},"statements":{"total":10106,"covered":4992,"skipped":0,"pct":49.39},"functions":{"total":437,"covered":177,"skipped":0,"pct":40.5},"branches":{"total":810,"covered":599,"skipped":0,"pct":73.95},"branchesTrue":{"total":0,"covered":0,"skipped":0,"pct":100}}
,"C:\\Desarrollo\\inventario\\index.tsx": {"lines":{"total":17,"covered":0,"skipped":0,"pct":0},"functions":{"total":1,"covered":0,"skipped":0,"pct":0},"statements":{"total":17,"covered":0,"skipped":0,"pct":0},"branches":{"total":1,"covered":0,"skipped":0,"pct":0}}
,"C:\\Desarrollo\\inventario\\postcss.config.js": {"lines":{"total":6,"covered":0,"skipped":0,"pct":0},"functions":{"total":1,"covered":0,"skipped":0,"pct":0},"statements":{"total":6,"covered":0,"skipped":0,"pct":0},"branches":{"total":1,"covered":0,"skipped":0,"pct":0}}
,"C:\\Desarrollo\\inventario\\tailwind.config.js": {"lines":{"total":27,"covered":0,"skipped":0,"pct":0},"functions":{"total":1,"covered":0,"skipped":0,"pct":0},"statements":{"total":27,"covered":0,"skipped":0,"pct":0},"branches":{"total":1,"covered":0,"skipped":0,"pct":0}}
,"C:\\Desarrollo\\inventario\\app\\App.tsx": {"lines":{"total":276,"covered":0,"skipped":0,"pct":0},"functions":{"total":1,"covered":1,"skipped":0,"pct":100},"statements":{"total":276,"covered":0,"skipped":0,"pct":0},"branches":{"total":1,"covered":1,"skipped":0,"pct":100}}
,"C:\\Desarrollo\\inventario\\features\\asignaciones\\AssignmentManager.tsx": {"lines":{"total":127,"covered":116,"skipped":0,"pct":91.33},"functions":{"total":7,"covered":4,"skipped":0,"pct":57.14},"statements":{"total":127,"covered":116,"skipped":0,"pct":91.33},"branches":{"total":10,"covered":9,"skipped":0,"pct":90}}
,"C:\\Desarrollo\\inventario\\features\\asignaciones\\useAssignmentManager.ts": {"lines":{"total":268,"covered":152,"skipped":0,"pct":56.71},"functions":{"total":10,"covered":4,"skipped":0,"pct":40},"statements":{"total":268,"covered":152,"skipped":0,"pct":56.71},"branches":{"total":19,"covered":17,"skipped":0,"pct":89.47}}
,"C:\\Desarrollo\\inventario\\features\\asignaciones\\components\\AssignmentDetail.tsx": {"lines":{"total":85,"covered":79,"skipped":0,"pct":92.94},"functions":{"total":1,"covered":1,"skipped":0,"pct":100},"statements":{"total":85,"covered":79,"skipped":0,"pct":92.94},"branches":{"total":11,"covered":8,"skipped":0,"pct":72.72}}
,"C:\\Desarrollo\\inventario\\features\\asignaciones\\components\\AssignmentForm.tsx": {"lines":{"total":139,"covered":138,"skipped":0,"pct":99.28},"functions":{"total":7,"covered":2,"skipped":0,"pct":28.57},"statements":{"total":139,"covered":138,"skipped":0,"pct":99.28},"branches":{"total":9,"covered":4,"skipped":0,"pct":44.44}}
,"C:\\Desarrollo\\inventario\\features\\asignaciones\\components\\AssignmentPrintDoc.tsx": {"lines":{"total":93,"covered":84,"skipped":0,"pct":90.32},"functions":{"total":7,"covered":7,"skipped":0,"pct":100},"statements":{"total":93,"covered":84,"skipped":0,"pct":90.32},"branches":{"total":9,"covered":7,"skipped":0,"pct":77.77}}
,"C:\\Desarrollo\\inventario\\features\\compras\\PurchaseDashboard.tsx": {"lines":{"total":145,"covered":0,"skipped":0,"pct":0},"functions":{"total":1,"covered":1,"skipped":0,"pct":100},"statements":{"total":145,"covered":0,"skipped":0,"pct":0},"branches":{"total":1,"covered":1,"skipped":0,"pct":100}}
,"C:\\Desarrollo\\inventario\\features\\compras\\ordenes\\PurchaseOrderForm.tsx": {"lines":{"total":382,"covered":295,"skipped":0,"pct":77.22},"functions":{"total":23,"covered":3,"skipped":0,"pct":13.04},"statements":{"total":382,"covered":295,"skipped":0,"pct":77.22},"branches":{"total":29,"covered":11,"skipped":0,"pct":37.93}}
,"C:\\Desarrollo\\inventario\\features\\compras\\ordenes\\PurchaseOrderManager.tsx": {"lines":{"total":139,"covered":132,"skipped":0,"pct":94.96},"functions":{"total":8,"covered":3,"skipped":0,"pct":37.5},"statements":{"total":139,"covered":132,"skipped":0,"pct":94.96},"branches":{"total":12,"covered":11,"skipped":0,"pct":91.66}}
,"C:\\Desarrollo\\inventario\\features\\compras\\ordenes\\purchaseOrderService.ts": {"lines":{"total":354,"covered":77,"skipped":0,"pct":21.75},"functions":{"total":20,"covered":4,"skipped":0,"pct":20},"statements":{"total":354,"covered":77,"skipped":0,"pct":21.75},"branches":{"total":11,"covered":9,"skipped":0,"pct":81.81}}
,"C:\\Desarrollo\\inventario\\features\\compras\\ordenes\\usePurchaseOrderManager.ts": {"lines":{"total":272,"covered":142,"skipped":0,"pct":52.2},"functions":{"total":10,"covered":3,"skipped":0,"pct":30},"statements":{"total":272,"covered":142,"skipped":0,"pct":52.2},"branches":{"total":33,"covered":26,"skipped":0,"pct":78.78}}
,"C:\\Desarrollo\\inventario\\features\\compras\\ordenes\\components\\PurchaseOrderDetail.tsx": {"lines":{"total":172,"covered":130,"skipped":0,"pct":75.58},"functions":{"total":3,"covered":1,"skipped":0,"pct":33.33},"statements":{"total":172,"covered":130,"skipped":0,"pct":75.58},"branches":{"total":9,"covered":2,"skipped":0,"pct":22.22}}
,"C:\\Desarrollo\\inventario\\features\\compras\\ordenes\\components\\PurchaseOrderFilters.tsx": {"lines":{"total":79,"covered":79,"skipped":0,"pct":100},"functions":{"total":3,"covered":2,"skipped":0,"pct":66.66},"statements":{"total":79,"covered":79,"skipped":0,"pct":100},"branches":{"total":9,"covered":9,"skipped":0,"pct":100}}
,"C:\\Desarrollo\\inventario\\features\\compras\\ordenes\\components\\PurchaseOrderPrintDoc.tsx": {"lines":{"total":75,"covered":75,"skipped":0,"pct":100},"functions":{"total":7,"covered":7,"skipped":0,"pct":100},"statements":{"total":75,"covered":75,"skipped":0,"pct":100},"branches":{"total":12,"covered":7,"skipped":0,"pct":58.33}}
,"C:\\Desarrollo\\inventario\\features\\compras\\proformas\\ProformaPanel.tsx": {"lines":{"total":563,"covered":126,"skipped":0,"pct":22.38},"functions":{"total":36,"covered":4,"skipped":0,"pct":11.11},"statements":{"total":563,"covered":126,"skipped":0,"pct":22.38},"branches":{"total":34,"covered":11,"skipped":0,"pct":32.35}}
,"C:\\Desarrollo\\inventario\\features\\compras\\proformas\\proformaService.ts": {"lines":{"total":294,"covered":84,"skipped":0,"pct":28.57},"functions":{"total":17,"covered":4,"skipped":0,"pct":23.52},"statements":{"total":294,"covered":84,"skipped":0,"pct":28.57},"branches":{"total":23,"covered":17,"skipped":0,"pct":73.91}}
,"C:\\Desarrollo\\inventario\\features\\compras\\solicitudes\\PurchaseRequestForm.tsx": {"lines":{"total":385,"covered":281,"skipped":0,"pct":72.98},"functions":{"total":25,"covered":3,"skipped":0,"pct":12},"statements":{"total":385,"covered":281,"skipped":0,"pct":72.98},"branches":{"total":29,"covered":11,"skipped":0,"pct":37.93}}
,"C:\\Desarrollo\\inventario\\features\\compras\\solicitudes\\PurchaseRequestManager.tsx": {"lines":{"total":163,"covered":154,"skipped":0,"pct":94.47},"functions":{"total":8,"covered":3,"skipped":0,"pct":37.5},"statements":{"total":163,"covered":154,"skipped":0,"pct":94.47},"branches":{"total":11,"covered":10,"skipped":0,"pct":90.9}}
,"C:\\Desarrollo\\inventario\\features\\compras\\solicitudes\\purchaseRequestService.ts": {"lines":{"total":575,"covered":83,"skipped":0,"pct":14.43},"functions":{"total":31,"covered":2,"skipped":0,"pct":6.45},"statements":{"total":575,"covered":83,"skipped":0,"pct":14.43},"branches":{"total":4,"covered":2,"skipped":0,"pct":50}}
,"C:\\Desarrollo\\inventario\\features\\compras\\solicitudes\\usePurchaseRequestManager.ts": {"lines":{"total":389,"covered":208,"skipped":0,"pct":53.47},"functions":{"total":17,"covered":6,"skipped":0,"pct":35.29},"statements":{"total":389,"covered":208,"skipped":0,"pct":53.47},"branches":{"total":54,"covered":45,"skipped":0,"pct":83.33}}
,"C:\\Desarrollo\\inventario\\features\\compras\\solicitudes\\components\\PurchaseRequestDetail.tsx": {"lines":{"total":212,"covered":181,"skipped":0,"pct":85.37},"functions":{"total":7,"covered":1,"skipped":0,"pct":14.28},"statements":{"total":212,"covered":181,"skipped":0,"pct":85.37},"branches":{"total":13,"covered":5,"skipped":0,"pct":38.46}}
,"C:\\Desarrollo\\inventario\\features\\compras\\solicitudes\\components\\PurchaseRequestFilters.tsx": {"lines":{"total":111,"covered":111,"skipped":0,"pct":100},"functions":{"total":5,"covered":2,"skipped":0,"pct":40},"statements":{"total":111,"covered":111,"skipped":0,"pct":100},"branches":{"total":8,"covered":8,"skipped":0,"pct":100}}
,"C:\\Desarrollo\\inventario\\features\\compras\\sugerencias\\SuggestionManager.tsx": {"lines":{"total":129,"covered":0,"skipped":0,"pct":0},"functions":{"total":1,"covered":0,"skipped":0,"pct":0},"statements":{"total":129,"covered":0,"skipped":0,"pct":0},"branches":{"total":1,"covered":0,"skipped":0,"pct":0}}
,"C:\\Desarrollo\\inventario\\features\\compras\\sugerencias\\suggestionService.ts": {"lines":{"total":68,"covered":29,"skipped":0,"pct":42.64},"functions":{"total":8,"covered":3,"skipped":0,"pct":37.5},"statements":{"total":68,"covered":29,"skipped":0,"pct":42.64},"branches":{"total":7,"covered":4,"skipped":0,"pct":57.14}}
,"C:\\Desarrollo\\inventario\\features\\incidencias\\IncidentPortal.tsx": {"lines":{"total":204,"covered":0,"skipped":0,"pct":0},"functions":{"total":1,"covered":0,"skipped":0,"pct":0},"statements":{"total":204,"covered":0,"skipped":0,"pct":0},"branches":{"total":1,"covered":0,"skipped":0,"pct":0}}
,"C:\\Desarrollo\\inventario\\features\\incidencias\\IncidentsAdmin.tsx": {"lines":{"total":433,"covered":0,"skipped":0,"pct":0},"functions":{"total":1,"covered":0,"skipped":0,"pct":0},"statements":{"total":433,"covered":0,"skipped":0,"pct":0},"branches":{"total":1,"covered":0,"skipped":0,"pct":0}}
,"C:\\Desarrollo\\inventario\\features\\incidencias\\IncidentsModule.tsx": {"lines":{"total":123,"covered":0,"skipped":0,"pct":0},"functions":{"total":1,"covered":0,"skipped":0,"pct":0},"statements":{"total":123,"covered":0,"skipped":0,"pct":0},"branches":{"total":1,"covered":0,"skipped":0,"pct":0}}
,"C:\\Desarrollo\\inventario\\features\\incidencias\\incidentsService.ts": {"lines":{"total":158,"covered":0,"skipped":0,"pct":0},"functions":{"total":1,"covered":1,"skipped":0,"pct":100},"statements":{"total":158,"covered":0,"skipped":0,"pct":0},"branches":{"total":1,"covered":1,"skipped":0,"pct":100}}
,"C:\\Desarrollo\\inventario\\features\\inventario\\CameraModal.tsx": {"lines":{"total":163,"covered":0,"skipped":0,"pct":0},"functions":{"total":1,"covered":0,"skipped":0,"pct":0},"statements":{"total":163,"covered":0,"skipped":0,"pct":0},"branches":{"total":1,"covered":0,"skipped":0,"pct":0}}
,"C:\\Desarrollo\\inventario\\features\\inventario\\Dashboard.tsx": {"lines":{"total":221,"covered":217,"skipped":0,"pct":98.19},"functions":{"total":7,"covered":3,"skipped":0,"pct":42.85},"statements":{"total":221,"covered":217,"skipped":0,"pct":98.19},"branches":{"total":34,"covered":26,"skipped":0,"pct":76.47}}
,"C:\\Desarrollo\\inventario\\features\\inventario\\InventoryForm.tsx": {"lines":{"total":470,"covered":0,"skipped":0,"pct":0},"functions":{"total":1,"covered":0,"skipped":0,"pct":0},"statements":{"total":470,"covered":0,"skipped":0,"pct":0},"branches":{"total":1,"covered":0,"skipped":0,"pct":0}}
,"C:\\Desarrollo\\inventario\\features\\inventario\\ProviderManager.tsx": {"lines":{"total":159,"covered":0,"skipped":0,"pct":0},"functions":{"total":1,"covered":1,"skipped":0,"pct":100},"statements":{"total":159,"covered":0,"skipped":0,"pct":0},"branches":{"total":1,"covered":1,"skipped":0,"pct":100}}
,"C:\\Desarrollo\\inventario\\features\\prestamos\\LoanManager.tsx": {"lines":{"total":173,"covered":162,"skipped":0,"pct":93.64},"functions":{"total":8,"covered":4,"skipped":0,"pct":50},"statements":{"total":173,"covered":162,"skipped":0,"pct":93.64},"branches":{"total":22,"covered":20,"skipped":0,"pct":90.9}}
,"C:\\Desarrollo\\inventario\\features\\prestamos\\useLoanManager.ts": {"lines":{"total":330,"covered":178,"skipped":0,"pct":53.93},"functions":{"total":19,"covered":6,"skipped":0,"pct":31.57},"statements":{"total":330,"covered":178,"skipped":0,"pct":53.93},"branches":{"total":31,"covered":24,"skipped":0,"pct":77.41}}
,"C:\\Desarrollo\\inventario\\features\\prestamos\\components\\LoanDetail.tsx": {"lines":{"total":131,"covered":114,"skipped":0,"pct":87.02},"functions":{"total":2,"covered":1,"skipped":0,"pct":50},"statements":{"total":131,"covered":114,"skipped":0,"pct":87.02},"branches":{"total":14,"covered":7,"skipped":0,"pct":50}}
,"C:\\Desarrollo\\inventario\\features\\prestamos\\components\\LoanForm.tsx": {"lines":{"total":186,"covered":184,"skipped":0,"pct":98.92},"functions":{"total":7,"covered":2,"skipped":0,"pct":28.57},"statements":{"total":186,"covered":184,"skipped":0,"pct":98.92},"branches":{"total":9,"covered":5,"skipped":0,"pct":55.55}}
,"C:\\Desarrollo\\inventario\\features\\prestamos\\components\\LoanPrintDoc.tsx": {"lines":{"total":77,"covered":74,"skipped":0,"pct":96.1},"functions":{"total":5,"covered":5,"skipped":0,"pct":100},"statements":{"total":77,"covered":74,"skipped":0,"pct":96.1},"branches":{"total":8,"covered":5,"skipped":0,"pct":62.5}}
,"C:\\Desarrollo\\inventario\\scripts\\bundle-baseline.mjs": {"lines":{"total":95,"covered":0,"skipped":0,"pct":0},"functions":{"total":1,"covered":0,"skipped":0,"pct":0},"statements":{"total":95,"covered":0,"skipped":0,"pct":0},"branches":{"total":1,"covered":0,"skipped":0,"pct":0}}
,"C:\\Desarrollo\\inventario\\shared\\api\\assignmentService.ts": {"lines":{"total":67,"covered":24,"skipped":0,"pct":35.82},"functions":{"total":7,"covered":2,"skipped":0,"pct":28.57},"statements":{"total":67,"covered":24,"skipped":0,"pct":35.82},"branches":{"total":4,"covered":3,"skipped":0,"pct":75}}
,"C:\\Desarrollo\\inventario\\shared\\api\\cache.ts": {"lines":{"total":47,"covered":47,"skipped":0,"pct":100},"functions":{"total":8,"covered":7,"skipped":0,"pct":87.5},"statements":{"total":47,"covered":47,"skipped":0,"pct":100},"branches":{"total":22,"covered":22,"skipped":0,"pct":100}}
,"C:\\Desarrollo\\inventario\\shared\\api\\catalogService.ts": {"lines":{"total":96,"covered":50,"skipped":0,"pct":52.08},"functions":{"total":10,"covered":7,"skipped":0,"pct":70},"statements":{"total":96,"covered":50,"skipped":0,"pct":52.08},"branches":{"total":21,"covered":12,"skipped":0,"pct":57.14}}
,"C:\\Desarrollo\\inventario\\shared\\api\\espoChildLines.ts": {"lines":{"total":47,"covered":47,"skipped":0,"pct":100},"functions":{"total":2,"covered":2,"skipped":0,"pct":100},"statements":{"total":47,"covered":47,"skipped":0,"pct":100},"branches":{"total":16,"covered":15,"skipped":0,"pct":93.75}}
,"C:\\Desarrollo\\inventario\\shared\\api\\espoClient.ts": {"lines":{"total":87,"covered":74,"skipped":0,"pct":85.05},"functions":{"total":7,"covered":7,"skipped":0,"pct":100},"statements":{"total":87,"covered":74,"skipped":0,"pct":85.05},"branches":{"total":29,"covered":21,"skipped":0,"pct":72.41}}
,"C:\\Desarrollo\\inventario\\shared\\api\\inventoryClient.ts": {"lines":{"total":194,"covered":125,"skipped":0,"pct":64.43},"functions":{"total":11,"covered":8,"skipped":0,"pct":72.72},"statements":{"total":194,"covered":125,"skipped":0,"pct":64.43},"branches":{"total":35,"covered":29,"skipped":0,"pct":82.85}}
,"C:\\Desarrollo\\inventario\\shared\\api\\inventoryService.ts": {"lines":{"total":4,"covered":4,"skipped":0,"pct":100},"functions":{"total":0,"covered":0,"skipped":0,"pct":100},"statements":{"total":4,"covered":4,"skipped":0,"pct":100},"branches":{"total":0,"covered":0,"skipped":0,"pct":100}}
,"C:\\Desarrollo\\inventario\\shared\\api\\loanService.ts": {"lines":{"total":98,"covered":33,"skipped":0,"pct":33.67},"functions":{"total":7,"covered":2,"skipped":0,"pct":28.57},"statements":{"total":98,"covered":33,"skipped":0,"pct":33.67},"branches":{"total":8,"covered":3,"skipped":0,"pct":37.5}}
,"C:\\Desarrollo\\inventario\\shared\\api\\photoServer.ts": {"lines":{"total":12,"covered":4,"skipped":0,"pct":33.33},"functions":{"total":3,"covered":0,"skipped":0,"pct":0},"statements":{"total":12,"covered":4,"skipped":0,"pct":33.33},"branches":{"total":0,"covered":0,"skipped":0,"pct":100}}
,"C:\\Desarrollo\\inventario\\shared\\components\\ConfirmDialog.tsx": {"lines":{"total":40,"covered":32,"skipped":0,"pct":80},"functions":{"total":2,"covered":1,"skipped":0,"pct":50},"statements":{"total":40,"covered":32,"skipped":0,"pct":80},"branches":{"total":10,"covered":1,"skipped":0,"pct":10}}
,"C:\\Desarrollo\\inventario\\shared\\components\\DateRangeBar.tsx": {"lines":{"total":101,"covered":90,"skipped":0,"pct":89.1},"functions":{"total":8,"covered":1,"skipped":0,"pct":12.5},"statements":{"total":101,"covered":90,"skipped":0,"pct":89.1},"branches":{"total":4,"covered":1,"skipped":0,"pct":25}}
,"C:\\Desarrollo\\inventario\\shared\\components\\ErrorBoundary.tsx": {"lines":{"total":42,"covered":0,"skipped":0,"pct":0},"functions":{"total":1,"covered":0,"skipped":0,"pct":0},"statements":{"total":42,"covered":0,"skipped":0,"pct":0},"branches":{"total":1,"covered":0,"skipped":0,"pct":0}}
,"C:\\Desarrollo\\inventario\\shared\\components\\ItemPicker.tsx": {"lines":{"total":73,"covered":73,"skipped":0,"pct":100},"functions":{"total":4,"covered":4,"skipped":0,"pct":100},"statements":{"total":73,"covered":73,"skipped":0,"pct":100},"branches":{"total":19,"covered":19,"skipped":0,"pct":100}}
,"C:\\Desarrollo\\inventario\\shared\\components\\MasterDetail.tsx": {"lines":{"total":64,"covered":64,"skipped":0,"pct":100},"functions":{"total":3,"covered":3,"skipped":0,"pct":100},"statements":{"total":64,"covered":64,"skipped":0,"pct":100},"branches":{"total":18,"covered":18,"skipped":0,"pct":100}}
,"C:\\Desarrollo\\inventario\\shared\\components\\TablePagination.tsx": {"lines":{"total":47,"covered":47,"skipped":0,"pct":100},"functions":{"total":2,"covered":2,"skipped":0,"pct":100},"statements":{"total":47,"covered":47,"skipped":0,"pct":100},"branches":{"total":3,"covered":3,"skipped":0,"pct":100}}
,"C:\\Desarrollo\\inventario\\shared\\components\\print\\PrintDocument.tsx": {"lines":{"total":92,"covered":92,"skipped":0,"pct":100},"functions":{"total":6,"covered":6,"skipped":0,"pct":100},"statements":{"total":92,"covered":92,"skipped":0,"pct":100},"branches":{"total":31,"covered":31,"skipped":0,"pct":100}}
,"C:\\Desarrollo\\inventario\\shared\\components\\ui\\Field.tsx": {"lines":{"total":51,"covered":51,"skipped":0,"pct":100},"functions":{"total":7,"covered":7,"skipped":0,"pct":100},"statements":{"total":51,"covered":51,"skipped":0,"pct":100},"branches":{"total":12,"covered":12,"skipped":0,"pct":100}}
,"C:\\Desarrollo\\inventario\\shared\\components\\ui\\States.tsx": {"lines":{"total":28,"covered":28,"skipped":0,"pct":100},"functions":{"total":4,"covered":4,"skipped":0,"pct":100},"statements":{"total":28,"covered":28,"skipped":0,"pct":100},"branches":{"total":6,"covered":6,"skipped":0,"pct":100}}
,"C:\\Desarrollo\\inventario\\shared\\components\\ui\\StatusChip.tsx": {"lines":{"total":15,"covered":15,"skipped":0,"pct":100},"functions":{"total":1,"covered":1,"skipped":0,"pct":100},"statements":{"total":15,"covered":15,"skipped":0,"pct":100},"branches":{"total":1,"covered":1,"skipped":0,"pct":100}}
,"C:\\Desarrollo\\inventario\\shared\\components\\ui\\accents.ts": {"lines":{"total":96,"covered":96,"skipped":0,"pct":100},"functions":{"total":0,"covered":0,"skipped":0,"pct":100},"statements":{"total":96,"covered":96,"skipped":0,"pct":100},"branches":{"total":0,"covered":0,"skipped":0,"pct":100}}
,"C:\\Desarrollo\\inventario\\shared\\hooks\\useAsyncData.ts": {"lines":{"total":36,"covered":36,"skipped":0,"pct":100},"functions":{"total":1,"covered":1,"skipped":0,"pct":100},"statements":{"total":36,"covered":36,"skipped":0,"pct":100},"branches":{"total":11,"covered":11,"skipped":0,"pct":100}}
,"C:\\Desarrollo\\inventario\\shared\\hooks\\useItemSelection.ts": {"lines":{"total":19,"covered":19,"skipped":0,"pct":100},"functions":{"total":1,"covered":1,"skipped":0,"pct":100},"statements":{"total":19,"covered":19,"skipped":0,"pct":100},"branches":{"total":10,"covered":10,"skipped":0,"pct":100}}
,"C:\\Desarrollo\\inventario\\shared\\hooks\\usePagination.ts": {"lines":{"total":35,"covered":35,"skipped":0,"pct":100},"functions":{"total":1,"covered":1,"skipped":0,"pct":100},"statements":{"total":35,"covered":35,"skipped":0,"pct":100},"branches":{"total":8,"covered":8,"skipped":0,"pct":100}}
,"C:\\Desarrollo\\inventario\\shared\\test\\fixtures.ts": {"lines":{"total":125,"covered":116,"skipped":0,"pct":92.8},"functions":{"total":10,"covered":9,"skipped":0,"pct":90},"statements":{"total":125,"covered":116,"skipped":0,"pct":92.8},"branches":{"total":10,"covered":9,"skipped":0,"pct":90}}
,"C:\\Desarrollo\\inventario\\shared\\utils\\reportUtils.ts": {"lines":{"total":75,"covered":58,"skipped":0,"pct":77.33},"functions":{"total":9,"covered":7,"skipped":0,"pct":77.77},"statements":{"total":75,"covered":58,"skipped":0,"pct":77.33},"branches":{"total":42,"covered":39,"skipped":0,"pct":92.85}}
,"C:\\Desarrollo\\inventario\\types\\app.ts": {"lines":{"total":12,"covered":12,"skipped":0,"pct":100},"functions":{"total":0,"covered":0,"skipped":0,"pct":100},"statements":{"total":12,"covered":12,"skipped":0,"pct":100},"branches":{"total":1,"covered":1,"skipped":0,"pct":100}}
,"C:\\Desarrollo\\inventario\\types\\assignments.ts": {"lines":{"total":0,"covered":0,"skipped":0,"pct":100},"functions":{"total":0,"covered":0,"skipped":0,"pct":100},"statements":{"total":0,"covered":0,"skipped":0,"pct":100},"branches":{"total":0,"covered":0,"skipped":0,"pct":100}}
,"C:\\Desarrollo\\inventario\\types\\common.ts": {"lines":{"total":0,"covered":0,"skipped":0,"pct":100},"functions":{"total":0,"covered":0,"skipped":0,"pct":100},"statements":{"total":0,"covered":0,"skipped":0,"pct":100},"branches":{"total":0,"covered":0,"skipped":0,"pct":100}}
,"C:\\Desarrollo\\inventario\\types\\index.ts": {"lines":{"total":9,"covered":9,"skipped":0,"pct":100},"functions":{"total":0,"covered":0,"skipped":0,"pct":100},"statements":{"total":9,"covered":9,"skipped":0,"pct":100},"branches":{"total":0,"covered":0,"skipped":0,"pct":100}}
,"C:\\Desarrollo\\inventario\\types\\inventory.ts": {"lines":{"total":0,"covered":0,"skipped":0,"pct":100},"functions":{"total":0,"covered":0,"skipped":0,"pct":100},"statements":{"total":0,"covered":0,"skipped":0,"pct":100},"branches":{"total":0,"covered":0,"skipped":0,"pct":100}}
,"C:\\Desarrollo\\inventario\\types\\loans.ts": {"lines":{"total":0,"covered":0,"skipped":0,"pct":100},"functions":{"total":0,"covered":0,"skipped":0,"pct":100},"statements":{"total":0,"covered":0,"skipped":0,"pct":100},"branches":{"total":0,"covered":0,"skipped":0,"pct":100}}
,"C:\\Desarrollo\\inventario\\types\\proformas.ts": {"lines":{"total":0,"covered":0,"skipped":0,"pct":100},"functions":{"total":0,"covered":0,"skipped":0,"pct":100},"statements":{"total":0,"covered":0,"skipped":0,"pct":100},"branches":{"total":0,"covered":0,"skipped":0,"pct":100}}
,"C:\\Desarrollo\\inventario\\types\\purchaseOrders.ts": {"lines":{"total":7,"covered":7,"skipped":0,"pct":100},"functions":{"total":0,"covered":0,"skipped":0,"pct":100},"statements":{"total":7,"covered":7,"skipped":0,"pct":100},"branches":{"total":0,"covered":0,"skipped":0,"pct":100}}
,"C:\\Desarrollo\\inventario\\types\\purchaseRequests.ts": {"lines":{"total":19,"covered":19,"skipped":0,"pct":100},"functions":{"total":0,"covered":0,"skipped":0,"pct":100},"statements":{"total":19,"covered":19,"skipped":0,"pct":100},"branches":{"total":0,"covered":0,"skipped":0,"pct":100}}
,"C:\\Desarrollo\\inventario\\types\\suggestions.ts": {"lines":{"total":0,"covered":0,"skipped":0,"pct":100},"functions":{"total":0,"covered":0,"skipped":0,"pct":100},"statements":{"total":0,"covered":0,"skipped":0,"pct":100},"branches":{"total":0,"covered":0,"skipped":0,"pct":100}}
}
